                                
                                
Job started at: 2023-11-22 14:58:43
                                
Indexing a reference genome using bowtie2
Settings:
  Output files: ".//mnt/vast/hpc/csg/hn2435/RNA_Circ/danio_rerio_index.*.bt2"
  Line rate: 6 (line is 64 bytes)
  Lines per side: 1 (side is 64 bytes)
  Offset rate: 4 (one in 16)
  FTable chars: 10
  Strings: unpacked
  Max bucket size: default
  Max bucket size, sqrt multiplier: default
  Max bucket size, len divisor: 4
  Difference-cover sample period: 1024
  Endianness: little
  Actual local endianness: little
  Sanity checking: disabled
  Assertions: disabled
  Random seed: 0
  Sizeofs: void*:8, int:4, long:8, size_t:8
Input files DNA, FASTA:
  /mnt/vast/hpc/csg/hn2435/RNA_Circ/references/Danio_rerio.GRCz11.dna_sm.primary_assembly.fa
Building a SMALL index
Reading reference sizes
Could not open index file for writing: ".//mnt/vast/hpc/csg/hn2435/RNA_Circ/danio_rerio_index.3.bt2.tmp"
Please make sure the directory exists and that permissions allow writing by
Bowtie.
  Time reading reference sizes: 00:00:00
Total time for call to driver() for forward index: 00:00:00
Error: Encountered internal Bowtie 2 exception (#1)
Command: /mnt/mfs/cluster/bin/BOWTIE.10/bowtie2-2.5.1-linux-x86_64/bowtie2-build-s --wrapper basic-0 /mnt/vast/hpc/csg/hn2435/RNA_Circ/references/Danio_rerio.GRCz11.dna_sm.primary_assembly.fa .//mnt/vast/hpc/csg/hn2435/RNA_Circ/danio_rerio_index 
Deleting ".//mnt/vast/hpc/csg/hn2435/RNA_Circ/danio_rerio_index.3.bt2" file written during aborted indexing attempt.
Deleting ".//mnt/vast/hpc/csg/hn2435/RNA_Circ/danio_rerio_index.4.bt2" file written during aborted indexing attempt.
Index output directory: /mnt/vast/hpc/csg/hn2435/RNA_Circ/danio_rerio_index
